     MET	  A	       1	     50.63	     27.63	     78.26	    0.3422	     536	    228.70
     GLU	  A	       2	     57.17	     66.38	    123.55	    0.6135	     429	    201.40
     MET	  A	       3	     25.63	      6.04	     31.67	    0.1385	     665	    228.70
     GLU	  A	       4	     15.63	     39.55	     55.18	    0.2740	     621	    201.40
     LYS	  A	       5	     87.25	     61.00	    148.25	    0.6454	     457	    229.70
     GLU	  A	       6	     23.54	     28.49	     52.03	    0.2584	     616	    201.40
     PHE	  A	       7	     17.58	      1.31	     18.89	    0.1103	    1120	    171.30
     GLU	  A	       8	     24.24	     51.31	     75.56	    0.3752	     489	    201.40
     GLN	  A	       9	     36.50	     91.28	    127.78	    0.6143	     477	    208.00
     ILE	  A	      10	     10.37	      1.52	     11.88	    0.0696	     777	    170.60
     ASP	  A	      11	     10.49	     28.13	     38.62	    0.2597	     517	    148.70
     LYS	  A	      12	    121.28	     75.04	    196.31	    0.8546	     295	    229.70
     SER	  A	      13	     25.32	     24.58	     49.90	    0.3437	     265	    145.20
     GLY	  A	      14	     23.80	     28.22	     52.01	    0.4292	     179	    121.20
     SER	  A	      15	     20.12	     11.31	     31.43	    0.2164	     371	    145.20
     TRP	  A	      16	     25.43	      4.94	     30.37	    0.1549	    1179	    196.10
     ALA	  A	      17	     60.32	      6.70	     67.02	    0.4644	     295	    144.30
     ALA	  A	      18	     38.70	      5.48	     44.17	    0.3061	     308	    144.30
     ILE	  A	      19	     40.97	      2.42	     43.39	    0.2543	     567	    170.60
     TYR	  A	      20	     14.49	      4.68	     19.17	    0.0933	    1158	    205.50
     GLN	  A	      21	     29.75	     45.66	     75.41	    0.3625	     524	    208.00
     ASP	  A	      22	     16.05	     48.74	     64.79	    0.4357	     461	    148.70
     ILE	  A	      23	     20.36	      2.21	     22.57	    0.1323	     681	    170.60
     ARG	  A	      24	     23.15	     72.31	     95.47	    0.3473	     580	    274.90
     HIS	  A	      25	    101.32	     60.72	    162.04	    0.8884	     372	    182.40
     GLU	  A	      26	     30.06	     69.12	     99.17	    0.4924	     383	    201.40
     ALA	  A	      27	     21.45	     15.47	     36.93	    0.2559	     277	    144.30
     SER	  A	      28	     17.06	     25.89	     42.95	    0.2958	     388	    145.20
     ASP	  A	      29	     46.23	     80.20	    126.42	    0.8502	     334	    148.70
     PHE	  A	      30	     49.61	      7.54	     57.16	    0.3337	     721	    171.30
     PRO	  A	      31	     81.83	      4.28	     86.11	    0.5206	     400	    165.40
     CYS	  A	      32	     11.71	      6.21	     17.92	    0.1237	     511	    144.90
     ARG	  A	      33	     64.29	     80.29	    144.58	    0.5259	     560	    274.90
     VAL	  A	      34	     26.48	      2.41	     28.89	    0.1890	     576	    152.90
     ALA	  A	      35	      8.78	      5.17	     13.95	    0.0967	     446	    144.30
     LYS	  A	      36	     73.89	     36.03	    109.92	    0.4785	     438	    229.70
     LEU	  A	      37	     45.52	      3.78	     49.29	    0.3138	     509	    157.10
     PRO	  A	      38	    105.53	     10.66	    116.19	    0.7025	     290	    165.40
     LYS	  A	      39	     64.40	     45.11	    109.51	    0.4767	     441	    229.70
     ASN	  A	      40	      3.26	     13.74	     17.00	    0.1096	     655	    155.10
     LYS	  A	      41	    132.87	     66.74	    199.61	    0.8690	     350	    229.70
     ASN	  A	      42	     35.64	     62.36	     98.00	    0.6318	     380	    155.10
     ARG	  A	      43	     12.96	     36.44	     49.40	    0.1797	     829	    274.90
     ASN	  A	      44	     10.55	     28.97	     39.52	    0.2548	     571	    155.10
     ARG	  A	      45	     13.93	     32.87	     46.80	    0.1702	     858	    274.90
     TYR	  A	      46	     55.54	     19.74	     75.29	    0.3664	     729	    205.50
     ARG	  A	      47	    108.36	    148.59	    256.95	    0.9347	     334	    274.90
     ASP	  A	      48	     43.51	     64.76	    108.26	    0.7281	     313	    148.70
     VAL	  A	      49	     23.82	      7.10	     30.92	    0.2022	     496	    152.90
     SER	  A	      50	     14.67	     15.25	     29.92	    0.2061	     431	    145.20
     PRO	  A	      51	     16.18	      4.61	     20.79	    0.1257	     665	    165.40
     PHE	  A	      52	     12.13	      3.70	     15.83	    0.0924	    1056	    171.30
     ASP	  A	      53	     15.02	     19.33	     34.35	    0.2310	     480	    148.70
     HIS	  A	      54	     46.72	     33.94	     80.67	    0.4422	     513	    182.40
     SER	  A	      55	     10.16	      8.44	     18.60	    0.1281	     462	    145.20
     ARG	  A	      56	     14.22	     32.81	     47.03	    0.1711	     794	    274.90
     ILE	  A	      57	     22.25	      4.88	     27.13	    0.1590	     653	    170.60
     LYS	  A	      58	     59.92	     57.60	    117.52	    0.5116	     462	    229.70
     LEU	  A	      59	     10.71	      5.08	     15.79	    0.1005	     799	    157.10
     HIS	  A	      60	     62.60	     51.25	    113.85	    0.6242	     477	    182.40
     GLN	  A	      61	     21.26	     40.44	     61.70	    0.2966	     571	    208.00
     GLU	  A	      62	     86.67	    111.45	    198.12	    0.9837	     288	    201.40
     ASP	  A	      63	     57.26	     88.19	    145.45	    0.9782	     260	    148.70
     ASN	  A	      64	     14.60	     24.62	     39.22	    0.2529	     449	    155.10
     ASP	  A	      65	      9.90	     29.82	     39.72	    0.2671	     435	    148.70
     TYR	  A	      66	     11.87	      6.82	     18.69	    0.0910	     873	    205.50
     ILE	  A	      67	     18.71	      3.14	     21.85	    0.1281	     582	    170.60
     ASN	  A	      68	      4.48	     15.08	     19.56	    0.1261	     616	    155.10
     ALA	  A	      69	      8.32	      4.06	     12.38	    0.0858	     428	    144.30
     SER	  A	      70	      7.06	      6.82	     13.88	    0.0956	     542	    145.20
     LEU	  A	      71	     44.93	      4.22	     49.15	    0.3128	     618	    157.10
     ILE	  A	      72	     12.86	      2.39	     15.25	    0.0894	     820	    170.60
     LYS	  A	      73	     95.03	     61.27	    156.30	    0.6804	     468	    229.70
     MET	  A	      74	     24.47	      5.92	     30.38	    0.1329	     673	    228.70
     GLU	  A	      75	     79.98	    103.46	    183.44	    0.9108	     351	    201.40
     GLU	  A	      76	     43.32	     40.09	     83.42	    0.4142	     453	    201.40
     ALA	  A	      77	     12.36	      9.93	     22.29	    0.1545	     387	    144.30
     GLN	  A	      78	     43.04	     76.01	    119.06	    0.5724	     376	    208.00
     ARG	  A	      79	     12.76	     33.18	     45.95	    0.1671	     786	    274.90
     SER	  A	      80	     16.45	     18.34	     34.79	    0.2396	     388	    145.20
     TYR	  A	      81	     14.58	      5.53	     20.11	    0.0979	    1052	    205.50
     ILE	  A	      82	     13.00	      2.28	     15.28	    0.0896	     745	    170.60
     LEU	  A	      83	     13.59	      2.91	     16.50	    0.1051	     720	    157.10
     THR	  A	      84	     10.96	      7.66	     18.61	    0.1220	     627	    152.60
     GLN	  A	      85	      9.21	     16.06	     25.27	    0.1215	     701	    208.00
     GLY	  A	      86	      8.27	      5.24	     13.51	    0.1114	     370	    121.20
     PRO	  A	      87	     14.23	      3.53	     17.76	    0.1074	     681	    165.40
     LEU	  A	      88	     23.79	      3.49	     27.28	    0.1736	     577	    157.10
     PRO	  A	      89	     87.80	     15.71	    103.51	    0.6258	     338	    165.40
     ASN	  A	      90	     31.93	     87.10	    119.03	    0.7675	     345	    155.10
     THR	  A	      91	     15.65	      8.71	     24.36	    0.1596	     497	    152.60
     CYS	  A	      92	     13.92	      2.64	     16.56	    0.1143	     536	    144.90
     GLY	  A	      93	      6.87	      4.09	     10.96	    0.0904	     388	    121.20
     HIS	  A	      94	     26.74	     19.36	     46.10	    0.2528	     685	    182.40
     PHE	  A	      95	     14.62	      1.79	     16.41	    0.0958	    1036	    171.30
     TRP	  A	      96	     17.85	      3.11	     20.96	    0.1069	    1343	    196.10
     GLU	  A	      97	      8.76	     10.66	     19.42	    0.0964	     694	    201.40
     MET	  A	      98	     19.30	      2.64	     21.94	    0.0959	     640	    228.70
     VAL	  A	      99	     13.10	      2.14	     15.24	    0.0997	     620	    152.90
     TRP	  A	     100	     24.26	      7.44	     31.70	    0.1616	    1247	    196.10
     GLU	  A	     101	     10.40	     16.50	     26.91	    0.1336	     540	    201.40
     GLN	  A	     102	     15.09	     40.53	     55.62	    0.2674	     524	    208.00
     LYS	  A	     103	     93.27	     49.65	    142.93	    0.6222	     449	    229.70
     SER	  A	     104	      9.10	     14.05	     23.14	    0.1594	     485	    145.20
     ARG	  A	     105	     16.97	     43.16	     60.12	    0.2187	     827	    274.90
     GLY	  A	     106	      9.41	      6.82	     16.23	    0.1339	     370	    121.20
     VAL	  A	     107	     12.93	      2.88	     15.80	    0.1034	     678	    152.90
     VAL	  A	     108	     10.53	      2.60	     13.13	    0.0859	     711	    152.90
     MET	  A	     109	      8.69	      3.04	     11.72	    0.0513	     908	    228.70
     LEU	  A	     110	     10.13	      5.03	     15.16	    0.0965	     858	    157.10
     ASN	  A	     111	      5.57	     13.48	     19.05	    0.1228	     728	    155.10
     ARG	  A	     112	     27.05	     42.96	     70.01	    0.2547	     771	    274.90
     VAL	  A	     113	     35.88	      4.32	     40.20	    0.2629	     544	    152.90
     MET	  A	     114	     61.68	     10.23	     71.91	    0.3144	     522	    228.70
     GLU	  A	     115	      8.98	     16.73	     25.70	    0.1276	     668	    201.40
     LYS	  A	     116	     52.56	     54.36	    106.92	    0.4655	     448	    229.70
     GLY	  A	     117	     29.82	     28.32	     58.13	    0.4797	     140	    121.20
     SER	  A	     118	     28.11	     29.22	     57.33	    0.3948	     305	    145.20
     LEU	  A	     119	    105.97	     14.88	    120.85	    0.7692	     349	    157.10
     LYS	  A	     120	     24.99	     30.16	     55.15	    0.2401	     524	    229.70
     CYS	  A	     121	     10.43	      8.69	     19.12	    0.1320	     420	    144.90
     ALA	  A	     122	     18.68	      5.67	     24.35	    0.1687	     312	    144.30
     GLN	  A	     123	     30.59	     30.27	     60.87	    0.2926	     572	    208.00
     TYR	  A	     124	      9.94	      5.92	     15.86	    0.0772	    1006	    205.50
     TRP	  A	     125	     18.83	      5.59	     24.42	    0.1245	    1194	    196.10
     PRO	  A	     126	     15.57	      4.96	     20.53	    0.1241	     626	    165.40
     GLN	  A	     127	     40.88	     85.36	    126.24	    0.6069	     374	    208.00
     LYS	  A	     128	     89.91	     59.54	    149.45	    0.6506	     496	    229.70
     GLU	  A	     129	     32.80	     45.05	     77.85	    0.3866	     550	    201.40
     GLU	  A	     130	     50.52	     49.92	    100.44	    0.4987	     365	    201.40
     LYS	  A	     131	     98.82	     64.59	    163.41	    0.7114	     350	    229.70
     GLU	  A	     132	     23.46	     59.63	     83.09	    0.4126	     500	    201.40
     MET	  A	     133	     31.02	      5.58	     36.60	    0.1600	     578	    228.70
     ILE	  A	     134	     63.65	     11.41	     75.05	    0.4399	     507	    170.60
     PHE	  A	     135	     22.35	      3.15	     25.50	    0.1489	     851	    171.30
     GLU	  A	     136	     72.27	    105.35	    177.62	    0.8820	     340	    201.40
     ASP	  A	     137	     39.52	     46.26	     85.78	    0.5769	     329	    148.70
     THR	  A	     138	     16.35	     14.15	     30.50	    0.1999	     410	    152.60
     ASN	  A	     139	     15.25	     39.64	     54.89	    0.3539	     496	    155.10
     LEU	  A	     140	     12.69	      2.93	     15.62	    0.0994	     651	    157.10
     LYS	  A	     141	     36.34	     39.25	     75.59	    0.3291	     655	    229.70
     LEU	  A	     142	      8.89	      3.17	     12.06	    0.0768	     642	    157.10
     THR	  A	     143	     29.04	     12.79	     41.83	    0.2741	     496	    152.60
     LEU	  A	     144	     11.99	      5.31	     17.30	    0.1101	     642	    157.10
     ILE	  A	     145	     50.12	     13.57	     63.69	    0.3733	     496	    170.60
     SER	  A	     146	     26.74	     13.26	     40.00	    0.2755	     383	    145.20
     GLU	  A	     147	     21.87	     58.80	     80.67	    0.4005	     521	    201.40
     ASP	  A	     148	     27.36	     51.64	     79.01	    0.5313	     494	    148.70
     ILE	  A	     149	     91.70	     15.28	    106.98	    0.6271	     390	    170.60
     LYS	  A	     150	     50.43	     52.33	    102.76	    0.4473	     526	    229.70
     SER	  A	     151	     39.72	     47.16	     86.88	    0.5983	     269	    145.20
     TYR	  A	     152	     69.18	     49.06	    118.24	    0.5754	     728	    205.50
     TYR	  A	     153	     17.32	     14.03	     31.34	    0.1525	    1073	    205.50
     THR	  A	     154	      9.04	      8.58	     17.62	    0.1155	     612	    152.60
     VAL	  A	     155	     19.16	      3.91	     23.07	    0.1509	     533	    152.90
     ARG	  A	     156	      8.47	     23.65	     32.12	    0.1168	     822	    274.90
     GLN	  A	     157	     20.23	     57.29	     77.51	    0.3727	     529	    208.00
     LEU	  A	     158	     12.36	      3.93	     16.28	    0.1036	     670	    157.10
     GLU	  A	     159	     23.12	     57.77	     80.89	    0.4016	     571	    201.40
     LEU	  A	     160	     12.09	      2.72	     14.81	    0.0943	     651	    157.10
     GLU	  A	     161	      8.22	     26.48	     34.70	    0.1723	     705	    201.40
     ASN	  A	     162	      3.11	     23.60	     26.72	    0.1723	     667	    155.10
     LEU	  A	     163	     28.51	      9.33	     37.84	    0.2409	     489	    157.10
     THR	  A	     164	     62.76	     35.45	     98.21	    0.6436	     291	    152.60
     THR	  A	     165	     39.60	     18.90	     58.51	    0.3834	     353	    152.60
     GLN	  A	     166	     43.45	    110.09	    153.54	    0.7382	     348	    208.00
     GLU	  A	     167	     26.51	     46.16	     72.66	    0.3608	     458	    201.40
     THR	  A	     168	     24.16	     37.97	     62.13	    0.4071	     332	    152.60
     ARG	  A	     169	     28.56	     25.87	     54.43	    0.1980	     536	    274.90
     GLU	  A	     170	     31.75	     45.21	     76.96	    0.3821	     435	    201.40
     ILE	  A	     171	     16.47	      2.85	     19.32	    0.1132	     536	    170.60
     LEU	  A	     172	     21.68	      3.40	     25.08	    0.1597	     576	    157.10
     HIS	  A	     173	     10.94	      7.82	     18.76	    0.1028	     764	    182.40
     PHE	  A	     174	     16.48	      2.41	     18.88	    0.1102	     913	    171.30
     HIS	  A	     175	     14.05	     10.44	     24.50	    0.1343	     730	    182.40
     TYR	  A	     176	     10.20	      7.83	     18.04	    0.0878	    1174	    205.50
     THR	  A	     177	     19.32	     19.39	     38.71	    0.2537	     387	    152.60
     THR	  A	     178	     25.74	     13.66	     39.40	    0.2582	     365	    152.60
     TRP	  A	     179	     23.04	     10.48	     33.52	    0.1709	    1245	    196.10
     PRO	  A	     180	     33.79	      5.46	     39.25	    0.2373	     471	    165.40
     ASP	  A	     181	     15.11	     32.12	     47.23	    0.3176	     404	    148.70
     PHE	  A	     182	    111.79	     12.07	    123.86	    0.7231	     373	    171.30
     GLY	  A	     183	     34.89	     19.99	     54.88	    0.4528	     183	    121.20
     VAL	  A	     184	     20.66	     13.63	     34.29	    0.2243	     470	    152.90
     PRO	  A	     185	     20.67	      5.53	     26.19	    0.1584	     475	    165.40
     GLU	  A	     186	     95.09	    117.06	    212.15	    1.0534	     270	    201.40
     SER	  A	     187	     36.00	     23.35	     59.35	    0.4087	     302	    145.20
     PRO	  A	     188	     21.68	      3.41	     25.10	    0.1517	     588	    165.40
     ALA	  A	     189	     50.01	      7.40	     57.41	    0.3979	     276	    144.30
     SER	  A	     190	     13.77	     10.85	     24.62	    0.1695	     393	    145.20
     PHE	  A	     191	     17.34	      2.03	     19.36	    0.1130	    1000	    171.30
     LEU	  A	     192	     23.65	      2.46	     26.11	    0.1662	     641	    157.10
     ASN	  A	     193	     16.16	     58.39	     74.56	    0.4807	     478	    155.10
     PHE	  A	     194	      8.74	      1.56	     10.31	    0.0602	     975	    171.30
     LEU	  A	     195	     11.33	      1.45	     12.79	    0.0814	     803	    157.10
     PHE	  A	     196	     55.79	      2.83	     58.62	    0.3422	     738	    171.30
     LYS	  A	     197	     33.36	     30.44	     63.80	    0.2778	     562	    229.70
     VAL	  A	     198	      8.77	      1.57	     10.34	    0.0676	     615	    152.90
     ARG	  A	     199	     13.99	     29.46	     43.45	    0.1580	     747	    274.90
     GLU	  A	     200	     39.51	     78.38	    117.89	    0.5853	     333	    201.40
     SER	  A	     201	     14.42	     17.53	     31.95	    0.2200	     310	    145.20
     GLY	  A	     202	     17.08	      8.68	     25.76	    0.2125	     270	    121.20
     SER	  A	     203	      9.13	      9.85	     18.97	    0.1307	     426	    145.20
     LEU	  A	     204	     18.44	     10.62	     29.06	    0.1850	     517	    157.10
     SER	  A	     205	     17.20	     19.17	     36.37	    0.2505	     378	    145.20
     PRO	  A	     206	     99.77	     18.30	    118.07	    0.7139	     286	    165.40
     GLU	  A	     207	     36.38	     50.03	     86.42	    0.4291	     372	    201.40
     HIS	  A	     208	     36.70	     33.10	     69.80	    0.3827	     471	    182.40
     GLY	  A	     209	     18.94	     11.58	     30.52	    0.2518	     201	    121.20
     PRO	  A	     210	     38.77	      5.46	     44.23	    0.2674	     392	    165.40
     VAL	  A	     211	     14.78	      3.26	     18.04	    0.1180	     480	    152.90
     VAL	  A	     212	     14.79	      2.46	     17.25	    0.1128	     463	    152.90
     VAL	  A	     213	     10.41	      2.74	     13.14	    0.0860	     547	    152.90
     HIS	  A	     214	      9.72	      7.67	     17.39	    0.0953	     742	    182.40
     CYS	  A	     215	      8.91	      3.11	     12.02	    0.0829	     478	    144.90
     SER	  A	     216	     15.45	     10.54	     25.99	    0.1790	     338	    145.20
     ALA	  A	     217	     16.62	      7.13	     23.76	    0.1646	     308	    144.30
     GLY	  A	     218	      6.22	      5.50	     11.72	    0.0967	     299	    121.20
     ILE	  A	     219	     18.35	      2.41	     20.76	    0.1217	     714	    170.60
     GLY	  A	     220	      7.76	      4.09	     11.86	    0.0978	     381	    121.20
     ARG	  A	     221	     11.92	     26.45	     38.37	    0.1396	     670	    274.90
     SER	  A	     222	      5.83	      6.04	     11.87	    0.0818	     430	    145.20
     GLY	  A	     223	      6.78	      4.52	     11.30	    0.0932	     364	    121.20
     THR	  A	     224	     10.61	      6.59	     17.20	    0.1127	     602	    152.60
     PHE	  A	     225	     17.17	      2.13	     19.30	    0.1126	     792	    171.30
     CYS	  A	     226	      8.49	      1.76	     10.25	    0.0707	     466	    144.90
     LEU	  A	     227	     16.41	      2.71	     19.11	    0.1217	     718	    157.10
     ALA	  A	     228	     14.48	      3.31	     17.80	    0.1233	     423	    144.30
     ASP	  A	     229	      4.16	     10.36	     14.52	    0.0976	     603	    148.70
     THR	  A	     230	     14.15	      6.18	     20.33	    0.1332	     564	    152.60
     CYS	  A	     231	     11.40	      2.29	     13.69	    0.0945	     520	    144.90
     LEU	  A	     232	     18.00	      3.17	     21.17	    0.1348	     667	    157.10
     LEU	  A	     233	     34.45	      3.46	     37.91	    0.2413	     533	    157.10
     LEU	  A	     234	     19.17	      2.73	     21.90	    0.1394	     628	    157.10
     MET	  A	     235	     30.63	      7.12	     37.75	    0.1651	     593	    228.70
     ASP	  A	     236	     28.55	     72.80	    101.35	    0.6816	     337	    148.70
     LYS	  A	     237	     83.02	     39.31	    122.33	    0.5325	     355	    229.70
     ARG	  A	     238	     20.69	     49.15	     69.83	    0.2540	     631	    274.90
     LYS	  A	     239	    169.62	     79.65	    249.27	    1.0852	     245	    229.70
     ASP	  A	     240	     23.14	     38.14	     61.28	    0.4121	     423	    148.70
     PRO	  A	     241	     50.62	      5.48	     56.10	    0.3392	     392	    165.40
     SER	  A	     242	     32.30	     32.58	     64.88	    0.4468	     262	    145.20
     SER	  A	     243	     22.13	     19.69	     41.82	    0.2880	     277	    145.20
     VAL	  A	     244	     19.88	     12.72	     32.60	    0.2132	     382	    152.90
     ASP	  A	     245	     15.80	     27.44	     43.24	    0.2908	     512	    148.70
     ILE	  A	     246	     15.25	      2.59	     17.84	    0.1046	     677	    170.60
     LYS	  A	     247	     40.63	     18.54	     59.17	    0.2576	     573	    229.70
     LYS	  A	     248	     87.67	     48.48	    136.15	    0.5927	     428	    229.70
     VAL	  A	     249	     21.75	      2.42	     24.17	    0.1581	     498	    152.90
     LEU	  A	     250	     17.09	      2.23	     19.32	    0.1230	     676	    157.10
     LEU	  A	     251	     33.12	      3.68	     36.81	    0.2343	     529	    157.10
     GLU	  A	     252	     20.50	     31.49	     51.99	    0.2582	     543	    201.40
     MET	  A	     253	     15.93	      2.64	     18.57	    0.0812	     605	    228.70
     ARG	  A	     254	     10.85	     22.22	     33.08	    0.1203	     863	    274.90
     LYS	  A	     255	     36.33	     35.01	     71.35	    0.3106	     501	    229.70
     PHE	  A	     256	     26.67	      3.79	     30.46	    0.1778	     705	    171.30
     ARG	  A	     257	     11.03	     13.59	     24.63	    0.0896	     743	    274.90
     MET	  A	     258	     47.08	      7.49	     54.56	    0.2386	     413	    228.70
     GLY	  A	     259	     15.18	      6.93	     22.10	    0.1823	     242	    121.20
     LEU	  A	     260	     12.96	      3.49	     16.45	    0.1047	     522	    157.10
     ILE	  A	     261	     11.11	      2.82	     13.93	    0.0816	     650	    170.60
     GLN	  A	     262	     21.15	     61.96	     83.11	    0.3996	     455	    208.00
     THR	  A	     263	     38.25	      6.85	     45.09	    0.2955	     463	    152.60
     ALA	  A	     264	     18.50	      3.78	     22.28	    0.1544	     363	    144.30
     ASP	  A	     265	     24.74	     71.53	     96.26	    0.6474	     396	    148.70
     GLN	  A	     266	      8.45	     20.04	     28.50	    0.1370	     606	    208.00
     LEU	  A	     267	     15.03	      1.52	     16.54	    0.1053	     623	    157.10
     ARG	  A	     268	     12.06	     48.27	     60.33	    0.2195	     676	    274.90
     PHE	  A	     269	     13.87	      2.11	     15.98	    0.0933	     841	    171.30
     SER	  A	     270	      7.34	      7.37	     14.71	    0.1013	     453	    145.20
     TYR	  A	     271	     12.29	      7.04	     19.33	    0.0941	     865	    205.50
     LEU	  A	     272	     32.06	      1.93	     33.99	    0.2164	     574	    157.10
     ALA	  A	     273	     10.21	      2.68	     12.89	    0.0893	     385	    144.30
     VAL	  A	     274	     15.81	      2.39	     18.20	    0.1190	     515	    152.90
     ILE	  A	     275	     11.07	      2.11	     13.18	    0.0772	     598	    170.60
     GLU	  A	     276	     19.37	     40.41	     59.78	    0.2968	     527	    201.40
     GLY	  A	     277	      9.22	      5.15	     14.37	    0.1186	     291	    121.20
     ALA	  A	     278	     17.50	      3.66	     21.16	    0.1466	     341	    144.30
     LYS	  A	     279	     43.54	     28.40	     71.95	    0.3132	     446	    229.70
     PHE	  A	     280	    146.71	      5.83	    152.53	    0.8904	     466	    171.30
     ILE	  A	     281	     57.36	     22.53	     79.90	    0.4683	     356	    170.60
     MET	  A	     282	    122.51	     27.98	    150.50	    0.6581	     228	    228.70
