One ATOM chain 1, A. Doing chain 
0 molecules converted
2 audit log messages 
==============================
*** Open Babel Warning  in ReadMolecule
  Problems reading an XYZ file: Cannot read the first line.
0 molecules converted
1 warnings 2 audit log messages 
new_thischains_renumber_all.pdb
           0  ligand atoms:
 ITER=           1
 ITER=           2
  
-----------------------------------------------------------------------------------------------
--                              PROPKA: A PROTEIN PKA PREDICTOR                              --
--                            VERSION 1.0,  04/25/2004, IOWA CITY                            --
--                                         BY HUI LI                                         --
--                            VERSION 2.0,  11/05/2007, IOWA CITY/COPENHAGEN                 --
--                            BY DELPHINE C. BAS AND DAVID M. ROGERS                         --
--                                                                                           --
--                      PROPKA PREDICTS PROTEIN PKA VALUES ACCORDING TO                      --
--                              THE EMPIRICAL RULES PROPOSED BY                              --
--                       HUI LI, ANDREW D. ROBERTSON AND JAN H. JENSEN                       --
-----------------------------------------------------------------------------------------------
  
  
-----------------------------------------------------------------------------------------------
 References: 
 
  Very Fast Empirical Prediction and Rationalization of Protein pKa Values
  Hui Li, Andrew D. Robertson and Jan H. Jensen
  PROTEINS: Structure, Function, and Bioinformatics 61:704-721 (2005)
 
  Very Fast Prediction and Rationalization of pKa Values for Protein-Ligand Complexes
  Delphine C. Bas, David M. Rogers and Jan H. Jensen
  PROTEINS: Structure, Function, and Bioinformatics 73:765-783 (2008)
-----------------------------------------------------------------------------------------------
  
  
-----------------------------------------------------------------------------------------------
 WARNING ! 
 
 CARBOXYL, GUADININIUM, AND AMIDINO GROUPS FROM THE LIGAND
 ARE IDENTIFIED IN THE OUTPUT USING THE CENTRAL CARBON ATOM.
-----------------------------------------------------------------------------------------------
  
-------   -----   ------   --------------------   -------------   -------------   -------------
                           DESOLVATION  EFFECTS       SIDECHAIN        BACKBONE       COULOMBIC
RESIDUE     pKa   LOCATE     MASSIVE      LOCAL   HYDROGEN BOND   HYDROGEN BOND     INTERACTION
-------   -----   ------   ---------   --------   -------------   -------------   -------------
  
GLU   2    4.50   SUFACE   0.00  221   0.00   0    0.00 000   0    0.00 000   0    0.00 000   0
  
GLU   4    3.81   SUFACE   0.00  292   0.28   4   -0.24 N+    1    0.00 000   0    0.00 000   0
GLU   4                                           -0.73 LYS 279    0.00 000   0    0.00 000   0
  
GLU   6    2.81   BURIED   0.19  419   0.35   5   -0.80 TYR 271    0.00 000   0   -2.40 LYS 247
GLU   6                                           -0.34 LYS 247    0.00 000   0    1.31 ASP 245
  
GLU   8    4.78   SUFACE   0.00  232   0.28   4    0.00 000   0    0.00 000   0    0.00 000   0
  
ASP  11    1.16   SUFACE   0.00  315   0.56   8   -0.80 TRP  16    0.00 000   0    0.00 000   0
ASP  11                                           -2.40 ARG 268    0.00 000   0    0.00 000   0
  
ASP  22    3.94   SUFACE   0.00  252   0.14   2    0.00 000   0    0.00 000   0    0.00 000   0
  
GLU  26    4.71   SUFACE   0.00  268   0.21   3    0.00 000   0    0.00 000   0    0.00 000   0
  
ASP  29    3.87   SUFACE   0.00  280   0.07   1    0.00 000   0   -0.00 PHE  30    0.00 000   0
  
ASP  48    3.43   SUFACE   0.00  343   0.14   2    0.00 000   0   -0.51 ASP  48    0.00 000   0
  
ASP  53    2.59   SUFACE   0.00  337   0.98  14    0.00 000   0   -1.01 ARG  33    0.00 000   0
ASP  53                                            0.00 000   0   -1.18 VAL  34    0.00 000   0
  
GLU  62    4.50   SUFACE   0.00  103   0.00   0    0.00 000   0    0.00 000   0    0.00 000   0
  
ASP  63    3.94   SUFACE   0.00  150   0.14   2    0.00 000   0    0.00 000   0    0.00 000   0
  
ASP  65    3.09   SUFACE   0.00  356   0.49   7   -0.77 ARG  56   -0.43 ASP  65    0.00 000   0
  
GLU  75    4.50   SUFACE   0.00  197   0.00   0    0.00 000   0    0.00 000   0    0.00 000   0
  
GLU  76    2.45   SUFACE   0.00  302   0.35   5   -2.40 ARG 238    0.00 000   0    0.00 000   0
  
GLU  97    9.28   BURIED   0.60  460   0.98  14   -0.63 GLN  61   -0.17 HIS  60    2.40 GLU 101
GLU  97                                            1.60 GLU 101    0.00 000   0    0.00 000   0
  
GLU 101    3.15   BURIED   0.36  436   0.98  14   -1.60 GLU  97   -1.09 HIS  60    0.00 000   0
  
GLU 115    1.39   BURIED   0.69  469   0.70  10   -0.21 ARG 112   -1.09 ARG 112   -2.40 ARG 221
GLU 115                                           -0.80 ARG 221    0.00 000   0    0.00 000   0
  
GLU 129    3.49   SUFACE   0.00  241   0.07   1    0.00 000   0   -1.08 GLU 129    0.00 000   0
  
GLU 130    3.60   SUFACE   0.00  160   0.21   3    0.00 000   0   -1.11 GLU 130    0.00 000   0
  
GLU 132    3.47   SUFACE   0.00  250   0.00   0    0.00 000   0   -1.03 GLU 132    0.00 000   0
  
GLU 136    4.50   SUFACE   0.00  169   0.00   0    0.00 000   0    0.00 000   0    0.00 000   0
  
ASP 137    3.43   BURIED   0.07  407   0.35   5   -0.09 THR 138   -0.30 ASP 137    0.00 000   0
ASP 137                                            0.00 000   0   -0.39 THR 138    0.00 000   0
  
GLU 147    4.12   SUFACE   0.00  364   0.42   6   -0.80 ARG 156    0.00 000   0    0.00 000   0
  
ASP 148    4.08   SUFACE   0.00  269   0.28   4    0.00 000   0    0.00 000   0    0.00 000   0
  
GLU 159    4.71   SUFACE   0.00  328   0.21   3    0.00 000   0    0.00 000   0    0.00 000   0
  
GLU 161    4.74   SUFACE   0.00  278   0.28   4   -0.04 LYS 141    0.00 000   0    0.00 000   0
  
GLU 167    3.98   SUFACE   0.00  250   0.21   3   -0.33 THR 165    0.00 000   0    0.00 000   0
GLU 167                                           -0.40 ARG 169    0.00 000   0    0.00 000   0
  
GLU 170    3.32   SUFACE   0.00  356   0.35   5   -0.73 GLN 157    0.00 000   0    0.00 000   0
GLU 170                                           -0.80 ARG 105    0.00 000   0    0.00 000   0
  
ASP 181    2.78   SUFACE   0.00  265   0.63   9   -0.71 ARG 112   -0.94 LYS 116    0.00 000   0
  
GLU 186    4.50   SUFACE   0.00  167   0.00   0    0.00 000   0    0.00 000   0    0.00 000   0
  
GLU 200    4.57   SUFACE   0.00  299   0.07   1    0.00 000   0    0.00 000   0    0.00 000   0
  
GLU 207    3.69   SUFACE   0.00  236   0.14   2    0.00 000   0   -0.95 GLU 207    0.00 000   0
  
ASP 229    0.10   BURIED   2.36  636   0.91  13   -0.80 TYR  81    0.00 000   0   -2.40 ARG  79
ASP 229                                           -0.75 ARG  79    0.00 000   0   -2.22 ARG 199
ASP 229                                           -0.80 ARG 199    0.00 000   0    0.00 000   0
  
ASP 236    3.82   SUFACE   0.00  342   0.07   1   -0.05 ARG 199    0.00 000   0    0.00 000   0
  
ASP 240    3.07   SUFACE   0.00  188   0.63   9   -0.80 SER 242   -0.48 SER 242    0.00 000   0
ASP 240                                            0.00 000   0   -0.09 SER 243    0.00 000   0
  
ASP 245    0.59   BURIED   0.41  441   0.77  11   -0.80 LYS 247   -0.60 LYS 247   -2.40 LYS 247
ASP 245                                           -0.01 LYS 248   -0.57 LYS 248    0.00 000   0
  
GLU 252    3.98   SUFACE   0.00  382   0.28   4   -0.80 LYS 255    0.00 000   0    0.00 000   0
  
ASP 265    3.80   SUFACE   0.00  352   0.00   0    0.00 000   0    0.00 000   0    0.00 000   0
  
GLU 276    4.06   SUFACE   0.00  316   0.14   2   -0.58 LYS 279    0.00 000   0    0.00 000   0
  
HIS  25    6.50   SUFACE   0.00  155  -0.00   0    0.00 000   0    0.00 000   0    0.00 000   0
  
HIS  54    7.34   SUFACE   0.00  353  -0.21   3    0.00 000   0    1.05 LYS 255    0.00 000   0
  
HIS  60    6.43   SUFACE   0.00  337  -0.07   1    0.00 000   0    0.00 000   0    0.00 000   0
  
HIS  94    1.21   BURIED  -0.89  489  -2.03  29    0.00 000   0    0.00 000   0   -2.37 ARG  43
  
HIS 173   -1.79   BURIED  -2.84  684  -3.15  45    0.00 000   0    0.00 000   0   -1.36 ARG 156
HIS 173                                            0.00 000   0    0.00 000   0   -0.94 HIS 175
  
HIS 175    1.26   BURIED  -1.78  578  -2.59  37    0.00 000   0    0.79 ASN 111   -1.66 ARG 156
  
HIS 208    6.36   SUFACE   0.00  345  -0.14   2    0.00 000   0    0.00 000   0    0.00 000   0
  
HIS 214    1.20   BURIED  -3.23  723  -2.73  39    0.00 000   0    0.66 CYS 215    0.00 000   0
  
CYS  32    9.37   BURIED   0.33  433   0.07   1    0.00 000   0   -0.03 ASP  53    0.00 000   0
  
CYS  92   10.31   BURIED   1.24  524   0.07   1    0.00 000   0    0.00 000   0    0.00 000   0
  
CYS 121   10.04   BURIED   1.67  567   0.07   1    0.00 000   0    0.00 000   0   -0.70 ARG  45
  
CYS 215    1.25   BURIED   2.98  698   0.14   2   -1.60 SER 222   -0.60 SER 216   -0.36 ARG 221
CYS 215                                            0.00 000   0   -0.70 ALA 217    0.00 000   0
CYS 215                                            0.00 000   0   -1.75 GLY 218    0.00 000   0
CYS 215                                            0.00 000   0   -1.38 ILE 219    0.00 000   0
CYS 215                                            0.00 000   0   -1.07 GLY 220    0.00 000   0
CYS 215                                            0.00 000   0   -1.27 ARG 221    0.00 000   0
CYS 215                                            0.00 000   0   -2.14 SER 222    0.00 000   0
  
CYS 226   12.55   BURIED   3.61  761   0.21   3    0.00 000   0   -0.27 CYS 226    0.00 000   0
  
CYS 231   11.30   BURIED   2.38  638   0.07   1    0.00 000   0   -0.15 CYS 231    0.00 000   0
  
TYR  20    8.19   BURIED   0.61  461   0.56   8   -0.69 ARG  24    0.00 000   0   -1.71 ARG 254
TYR  20                                           -0.59 ARG 254    0.00 000   0    0.00 000   0
  
TYR  46    8.75   BURIED   0.43  443   0.14   2   -0.80 SER 216    0.00 000   0   -1.02 ARG  45
  
TYR  66   11.56   BURIED   1.44  544   0.28   4   -0.16 ASN  44    0.00 000   0    0.00 000   0
  
TYR  81   15.26   BURIED   2.51  651   0.42   6    0.80 ASP 229   -0.02 THR 230    2.40 ASP 229
TYR  81                                           -0.80 THR 230    0.00 000   0    1.22 CYS 226
TYR  81                                            0.00 000   0    0.00 000   0   -1.27 ARG  79
  
TYR 124   12.75   BURIED   3.23  723   0.21   3   -0.80 HIS 173    0.00 000   0    0.91 CYS 121
TYR 124                                           -0.80 HIS 214    0.00 000   0    0.00 000   0
  
TYR 152   10.00   SUFACE   0.00  231   0.00   0    0.00 000   0    0.00 000   0    0.00 000   0
  
TYR 153   10.51   SUFACE   0.00  367   0.21   3    0.00 000   0    0.00 000   0    0.30 ASP 148
  
TYR 176    9.65   BURIED   1.00  500   0.07   1   -0.80 SER 190    0.00 000   0    0.00 000   0
TYR 176                                           -0.62 THR 178    0.00 000   0    0.00 000   0
  
TYR 271   15.12   BURIED   1.14  514   0.21   3    0.80 GLU   6   -0.25 LYS 247    2.40 GLU   6
TYR 271                                            0.00 000   0    0.00 000   0    0.82 ASP 245
  
N+    1    7.86   SUFACE   0.00  258  -0.14   2    0.00 000   0    0.00 000   0    0.00 000   0
  
LYS   5   10.50   SUFACE   0.00  131  -0.00   0    0.00 000   0    0.00 000   0    0.00 000   0
  
LYS  12   10.50   SUFACE   0.00  105  -0.00   0    0.00 000   0    0.00 000   0    0.00 000   0
  
LYS  36   10.22   SUFACE   0.00  312  -0.28   4    0.00 000   0    0.00 000   0    0.00 000   0
  
LYS  39   10.50   SUFACE   0.00  237  -0.00   0    0.00 000   0    0.00 000   0    0.00 000   0
  
LYS  41   10.50   SUFACE   0.00  143  -0.00   0    0.00 000   0    0.00 000   0    0.00 000   0
  
LYS  58   10.50   SUFACE   0.00  286  -0.00   0    0.00 000   0    0.00 000   0    0.00 000   0
  
LYS  73   10.50   SUFACE   0.00  271  -0.00   0    0.00 000   0    0.00 000   0    0.00 000   0
  
LYS 103   10.43   SUFACE   0.00  286  -0.07   1    0.00 000   0    0.00 000   0    0.00 000   0
  
LYS 116   10.43   SUFACE   0.00  266  -0.07   1    0.00 000   0    0.00 000   0    0.00 000   0
  
LYS 120   10.43   SUFACE   0.00  324  -0.07   1    0.00 000   0    0.00 000   0    0.00 000   0
  
LYS 128   10.50   SUFACE   0.00  131  -0.00   0    0.00 000   0    0.00 000   0    0.00 000   0
  
LYS 131   10.50   SUFACE   0.00  119  -0.00   0    0.00 000   0    0.00 000   0    0.00 000   0
  
LYS 141   10.43   SUFACE   0.00  287  -0.07   1    0.00 000   0    0.00 000   0    0.00 000   0
  
LYS 150   10.43   SUFACE   0.00  238  -0.07   1    0.00 000   0    0.00 000   0    0.00 000   0
  
LYS 197   10.29   SUFACE   0.00  298  -0.21   3    0.00 000   0    0.00 000   0    0.00 000   0
  
LYS 237   10.15   SUFACE   0.00  250  -0.35   5    0.00 000   0    0.00 000   0    0.00 000   0
  
LYS 239   10.50   SUFACE   0.00   69  -0.00   0    0.00 000   0    0.00 000   0    0.00 000   0
  
LYS 247   14.41   BURIED  -0.40  440  -0.49   7    0.00 000   0    0.00 000   0    2.40 GLU   6
LYS 247                                            0.00 000   0    0.00 000   0    2.40 ASP 245
  
LYS 248   10.43   SUFACE   0.00  248  -0.07   1    0.00 000   0    0.00 000   0    0.00 000   0
  
LYS 255   10.29   SUFACE   0.00  302  -0.21   3    0.00 000   0    0.00 000   0    0.00 000   0
  
LYS 279   10.08   SUFACE   0.00  284  -0.42   6    0.00 000   0    0.00 000   0    0.00 000   0
  
ARG  24   12.01   SUFACE   0.00  347  -0.49   7    0.00 000   0    0.00 000   0    0.00 000   0
  
ARG  33   12.36   SUFACE   0.00  215  -0.14   2    0.00 000   0    0.00 000   0    0.00 000   0
  
ARG  43   11.49   BURIED  -0.17  417  -0.84  12    0.00 000   0    0.00 000   0    0.00 000   0
  
ARG  45   12.24   BURIED  -0.78  478  -1.19  17    0.00 000   0    0.00 000   0    0.70 CYS 121
ARG  45                                            0.00 000   0    0.00 000   0    1.02 TYR  46
  
ARG  47   12.50   SUFACE   0.00  147  -0.00   0    0.00 000   0    0.00 000   0    0.00 000   0
  
ARG  56   11.59   BURIED  -0.07  407  -0.84  12    0.00 000   0    0.00 000   0    0.00 000   0
  
ARG  79   14.45   BURIED  -0.81  481  -0.91  13    0.00 000   0    0.00 000   0    2.40 ASP 229
ARG  79                                            0.00 000   0    0.00 000   0    1.27 TYR  81
  
ARG 105   11.80   SUFACE   0.00  391  -0.70  10    0.00 000   0    0.00 000   0    0.00 000   0
  
ARG 112   11.73   SUFACE   0.00  347  -0.77  11    0.00 000   0    0.00 000   0    0.00 000   0
  
ARG 156   10.28   BURIED  -1.10  510  -1.12  16    0.00 000   0    0.00 000   0    0.00 000   0
  
ARG 169   11.38   SUFACE   0.00  391  -1.12  16    0.00 000   0    0.00 000   0    0.00 000   0
  
ARG 199   11.32   BURIED  -1.13  513  -0.84  12    0.00 000   0    0.00 000   0    2.22 ASP 229
ARG 199                                            0.00 000   0    0.00 000   0   -1.43 ARG  79
  
ARG 221   12.92   BURIED  -1.36  536  -0.98  14    0.00 000   0    0.00 000   0    2.40 GLU 115
ARG 221                                            0.00 000   0    0.00 000   0    0.36 CYS 215
  
ARG 238   11.73   SUFACE   0.00  322  -0.77  11    0.00 000   0    0.00 000   0    0.00 000   0
  
ARG 254   12.06   BURIED  -1.17  517  -0.98  14    0.00 000   0    0.00 000   0    1.71 TYR  20
  
ARG 257    8.06   BURIED  -2.90  690  -1.54  22    0.00 000   0    0.00 000   0    0.00 000   0
  
ARG 268   12.01   SUFACE   0.00  360  -0.49   7    0.00 000   0    0.00 000   0    0.00 000   0
  
-----------------------------------------------------------------------------------------------
SUMMARY OF THIS PREDICTION
    RESIDUE    pKa   pKmodel   ligand atom-type
   ASP  11A   1.16      3.80
   ASP  22A   3.94      3.80
   ASP  29A   3.87      3.80
   ASP  48A   3.43      3.80
   ASP  53A   2.59      3.80
   ASP  63A   3.94      3.80
   ASP  65A   3.09      3.80
   ASP 137A   3.43      3.80
   ASP 148A   4.08      3.80
   ASP 181A   2.78      3.80
   ASP 229A   0.10      3.80
   ASP 236A   3.82      3.80
   ASP 240A   3.07      3.80
   ASP 245A   0.59      3.80
   ASP 265A   3.80      3.80
   GLU   2A   4.50      4.50
   GLU   4A   3.81      4.50
   GLU   6A   2.81      4.50
   GLU   8A   4.78      4.50
   GLU  26A   4.71      4.50
   GLU  62A   4.50      4.50
   GLU  75A   4.50      4.50
   GLU  76A   2.45      4.50
   GLU  97A   9.28      4.50
   GLU 101A   3.15      4.50
   GLU 115A   1.39      4.50
   GLU 129A   3.49      4.50
   GLU 130A   3.60      4.50
   GLU 132A   3.47      4.50
   GLU 136A   4.50      4.50
   GLU 147A   4.12      4.50
   GLU 159A   4.71      4.50
   GLU 161A   4.74      4.50
   GLU 167A   3.98      4.50
   GLU 170A   3.32      4.50
   GLU 186A   4.50      4.50
   GLU 200A   4.57      4.50
   GLU 207A   3.69      4.50
   GLU 252A   3.98      4.50
   GLU 276A   4.06      4.50
   HIS  25A   6.50      6.50
   HIS  54A   7.34      6.50
   HIS  60A   6.43      6.50
   HIS  94A   1.21      6.50
   HIS 173A  -1.79      6.50
   HIS 175A   1.26      6.50
   HIS 208A   6.36      6.50
   HIS 214A   1.20      6.50
   CYS  32A   9.37      9.00
   CYS  92A  10.31      9.00
   CYS 121A  10.04      9.00
   CYS 215A   1.25      9.00
   CYS 226A  12.55      9.00
   CYS 231A  11.30      9.00
   TYR  20A   8.19     10.00
   TYR  46A   8.75     10.00
   TYR  66A  11.56     10.00
   TYR  81A  15.26     10.00
   TYR 124A  12.75     10.00
   TYR 152A  10.00     10.00
   TYR 153A  10.51     10.00
   TYR 176A   9.65     10.00
   TYR 271A  15.12     10.00
   N+    1A   7.86      8.00
   LYS   5A  10.50     10.50
   LYS  12A  10.50     10.50
   LYS  36A  10.22     10.50
   LYS  39A  10.50     10.50
   LYS  41A  10.50     10.50
   LYS  58A  10.50     10.50
   LYS  73A  10.50     10.50
   LYS 103A  10.43     10.50
   LYS 116A  10.43     10.50
   LYS 120A  10.43     10.50
   LYS 128A  10.50     10.50
   LYS 131A  10.50     10.50
   LYS 141A  10.43     10.50
   LYS 150A  10.43     10.50
   LYS 197A  10.29     10.50
   LYS 237A  10.15     10.50
   LYS 239A  10.50     10.50
   LYS 247A  14.41     10.50
   LYS 248A  10.43     10.50
   LYS 255A  10.29     10.50
   LYS 279A  10.08     10.50
   ARG  24A  12.01     12.50
   ARG  33A  12.36     12.50
   ARG  43A  11.49     12.50
   ARG  45A  12.24     12.50
   ARG  47A  12.50     12.50
   ARG  56A  11.59     12.50
   ARG  79A  14.45     12.50
   ARG 105A  11.80     12.50
   ARG 112A  11.73     12.50
   ARG 156A  10.28     12.50
   ARG 169A  11.38     12.50
   ARG 199A  11.32     12.50
   ARG 221A  12.92     12.50
   ARG 238A  11.73     12.50
   ARG 254A  12.06     12.50
   ARG 257A   8.06     12.50
   ARG 268A  12.01     12.50
-----------------------------------------------------------------------------------------------
Free energy of unfolding (kcal/mol) as a function of pH
 0.00  3.13
 1.00  7.52
 2.00 17.09
 3.00 32.22
 4.00 51.43
 5.00 65.19
 6.00 71.65
 7.00 74.30
 8.00 75.01
 9.00 75.64
10.00 74.24
11.00 71.18
12.00 70.22
13.00 69.57
 
The pH of optimum stability is  8.9 for which the free energy is  75.6 kcal/mol at 298K
The free energy is within 80 percent of maximum range  4.6 - 13.0
The free energy is positive in the range  0.0 - 13.0
 
Protein charge of folded and unfolded state as a function of pH
 0.00 45.03 47.00
 1.00 42.06 46.97
 2.00 37.61 46.69
 3.00 30.93 44.18
 4.00 18.32 31.77
 5.00  6.95 13.65
 6.00  2.63  5.92
 7.00  0.08  0.84
 8.00 -2.55 -1.95
 9.00 -6.25 -6.35
10.00 -15.16 -17.04
11.00 -30.52 -32.60
12.00 -41.84 -41.35
13.00 -48.76 -50.84
The pI is  7.03 (folded) and  7.24 (unfolded)
The buffering capacity (dQ/dpH) is -2.41 (folded) and -2.96 (unfolded)
The charge of the unfolded protein at folded pI is  0.73
Patrickios/Yamasaki pI is  4.19 for  40 acidic and  39 basic residues
CS Patrickios, EN Yamasaki, Analytical Biochemistry 1995, 231, 82-81
