@> 2304 atoms and 1 coordinate set(s) were parsed in 0.03s.
['CYS  32A   9.37      9.00', 'CYS  92A  10.31      9.00', 'CYS 121A  10.04      9.00', 'CYS 215A   1.25      9.00', 'CYS 226A  12.55      9.00', 'CYS 231A  11.30      9.00']
       resid    pka  pka-model
0   CYS_A_32   9.37        9.0
1   CYS_A_92  10.31        9.0
2  CYS_A_121  10.04        9.0
3  CYS_A_215   1.25        9.0
4  CYS_A_226  12.55        9.0
5  CYS_A_231  11.30        9.0
pops --pdb thischains_renumber.pdb --residueOut --noHeaderOut --noTotalOut 
       resid    pka  pka-model  SASA  Surf  QSASA  ENV1-SASA  ENV1-Surf  \
0   CYS_A_32   9.37        9.0    17   144   0.12       5293      16857   
1   CYS_A_92  10.31        9.0    16   144   0.11       3036      16733   
2  CYS_A_121  10.04        9.0    19   144   0.13       3353      14724   
3  CYS_A_215   1.25        9.0    12   144   0.08       1361      10887   
4  CYS_A_226  12.55        9.0    10   144   0.07       1471      14097   
5  CYS_A_231  11.30        9.0    13   144   0.09       1948      13341   

   ENV1-QSASA  ENV1-ALA    ...       ENV3.P    ENV4.P    ENV1.S    ENV2.S  \
0        0.31         1    ...     0.086957  0.088235  0.090909  0.083333   
1        0.18         1    ...     0.071429  0.069767  0.000000  0.000000   
2        0.23         1    ...     0.074074  0.052632  0.000000  0.055556   
3        0.13         1    ...     0.031250  0.018868  0.222222  0.090909   
4        0.10         1    ...     0.000000  0.017241  0.090909  0.062500   
5        0.15         1    ...     0.027778  0.018868  0.000000  0.000000   

     ENV3.S    ENV4.S    ENV1.T    ENV2.T    ENV3.T    ENV4.T  
0  0.086957  0.117647  0.000000  0.000000  0.000000  0.000000  
1  0.000000  0.000000  0.090909  0.117647  0.071429  0.069767  
2  0.074074  0.052632  0.000000  0.000000  0.000000  0.052632  
3  0.062500  0.037736  0.000000  0.045455  0.062500  0.037736  
4  0.076923  0.068966  0.181818  0.125000  0.051282  0.051724  
5  0.027778  0.056604  0.090909  0.062500  0.055556  0.037736  

[6 rows x 290 columns]
