s4-join-cavity-env.py:63: SettingWithCopyWarning: 
A value is trying to be set on a copy of a slice from a DataFrame.
Try using .loc[row_indexer,col_indexer] = value instead

See the caveats in the documentation: http://pandas.pydata.org/pandas-docs/stable/indexing.html#indexing-view-versus-copy
  resnoCav['Note']='Not in a cavity'
s4-join-cavity-env.py:64: SettingWithCopyWarning: 
A value is trying to be set on a copy of a slice from a DataFrame.
Try using .loc[row_indexer,col_indexer] = value instead

See the caveats in the documentation: http://pandas.pydata.org/pandas-docs/stable/indexing.html#indexing-view-versus-copy
  resnoCav['cov']='undetermined'
s4-join-cavity-env.py:65: SettingWithCopyWarning: 
A value is trying to be set on a copy of a slice from a DataFrame.
Try using .loc[row_indexer,col_indexer] = value instead

See the caveats in the documentation: http://pandas.pydata.org/pandas-docs/stable/indexing.html#indexing-view-versus-copy
  resnoCav['cavityPDB']='None'
/root/anaconda3/envs/py35/lib/python3.5/site-packages/sklearn/base.py:311: UserWarning: Trying to unpickle estimator SVC from version 0.18.1 when using version 0.19.1. This might lead to breaking code or invalid results. Use at your own risk.
  UserWarning)
       resid   resCavID                 cavityPDB cov        No  probability  \
0   CYS_A_32   CYS_A_32   thischains_cavity_4.pdb  No  0.921936     0.078064   
1   CYS_A_92   CYS_A_92   thischains_cavity_6.pdb  No  0.767983     0.232017   
2   CYS_A_92   CYS_A_92  thischains_cavity_12.pdb  No  0.897332     0.102668   
3  CYS_A_121  CYS_A_121  thischains_cavity_12.pdb  No  0.834978     0.165022   
4  CYS_A_121  CYS_A_121  thischains_cavity_10.pdb  No  0.884166     0.115834   
5  CYS_A_215  CYS_A_215   thischains_cavity_1.pdb  No  0.835872     0.164128   

   ENV1-All  ENV2-All  ENV3-All  ENV4-All      ...        ENV3-Tanaka10  \
0       5.0       5.0      10.0      15.0      ...             0.000000   
1       8.0      13.0      15.0      17.0      ...             0.066667   
2       5.0       7.0      10.0      11.0      ...             0.100000   
3       8.0      11.0      14.0      15.0      ...             0.000000   
4       6.0       9.0      11.0      12.0      ...             0.090909   
5       7.0      11.0      15.0      18.0      ...             0.066667   

   ENV4-Tanaka10  ENV1-Tanaka11  ENV2-Tanaka11  ENV3-Tanaka11  ENV4-Tanaka11  \
0       0.000000       0.400000       0.400000       0.200000       0.200000   
1       0.117647       0.000000       0.153846       0.133333       0.117647   
2       0.090909       0.200000       0.428571       0.300000       0.272727   
3       0.066667       0.250000       0.181818       0.285714       0.266667   
4       0.083333       0.166667       0.111111       0.090909       0.083333   
5       0.055556       0.285714       0.272727       0.266667       0.222222   

   ENV1-Tanaka12  ENV2-Tanaka12  ENV3-Tanaka12  ENV4-Tanaka12  
0          0.000       0.000000       0.000000       0.000000  
1          0.125       0.153846       0.133333       0.117647  
2          0.000       0.000000       0.000000       0.000000  
3          0.000       0.000000       0.000000       0.000000  
4          0.000       0.000000       0.000000       0.000000  
5          0.000       0.000000       0.000000       0.000000  

[6 rows x 64 columns]
       resid   resCavID                 cavityPDB           cov probability  \
0   CYS_A_32   CYS_A_32   thischains_cavity_4.pdb            No        0.08   
1   CYS_A_92   CYS_A_92   thischains_cavity_6.pdb            No        0.23   
2   CYS_A_92   CYS_A_92  thischains_cavity_12.pdb            No        0.10   
3  CYS_A_121  CYS_A_121  thischains_cavity_12.pdb            No        0.17   
4  CYS_A_121  CYS_A_121  thischains_cavity_10.pdb            No        0.12   
5  CYS_A_215  CYS_A_215   thischains_cavity_1.pdb            No        0.16   
6  CYS_A_226  CYS_A_226                      None  undetermined           0   

     pka  QSASA pkdAve  
0   9.37   0.12   5.54  
1  10.31   0.11   5.44  
2  10.31   0.11   4.92  
3  10.04   0.13   4.92  
4  10.04   0.13      5  
5   1.25   0.08   6.18  
6  12.55   0.07   None  
