MET	  A	       1	      1.63		      1.51
GLU	  A	       2	    -10.73		    -12.04
MET	  A	       3	      0.74		      0.66
GLU	  A	       4	     -7.67		     -8.36
LYS	  A	       5	    -10.67		     -9.86
GLU	  A	       6	     -4.69		     -5.25
PHE	  A	       7	      0.72		      0.65
GLU	  A	       8	     -9.41		    -10.29
GLN	  A	       9	     -3.77		     -5.48
ILE	  A	      10	      0.34		      0.33
ASP	  A	      11	     -4.30		     -4.67
LYS	  A	      12	     -9.97		     -9.45
SER	  A	      13	     -0.52		     -0.71
GLY	  A	      14	     -1.01		     -0.97
SER	  A	      15	      0.25		      0.08
TRP	  A	      16	      0.93		      0.75
ALA	  A	      17	      1.75		      2.19
ALA	  A	      18	      1.08		      1.37
ILE	  A	      19	      1.46		      1.53
TYR	  A	      20	      0.36		      0.28
GLN	  A	      21	     -1.24		     -2.26
ASP	  A	      22	     -9.53		    -10.33
ILE	  A	      23	      0.72		      0.69
ARG	  A	      24	     -7.31		     -8.96
HIS	  A	      25	      1.57		     -0.26
GLU	  A	      26	    -11.21		    -12.21
ALA	  A	      27	     -0.30		     -0.18
SER	  A	      28	     -0.74		     -0.86
ASP	  A	      29	    -13.44		    -14.75
PHE	  A	      30	      1.72		      1.51
PRO	  A	      31	      3.76		      3.10
CYS	  A	      32	     -0.02		     -0.06
ARG	  A	      33	     -5.96		     -6.43
VAL	  A	      34	      0.77		      0.95
ALA	  A	      35	     -0.03		      0.03
LYS	  A	      36	     -3.03		     -3.05
LEU	  A	      37	      1.32		      1.59
PRO	  A	      38	      4.43		      3.57
LYS	  A	      39	     -6.29		     -5.88
ASN	  A	      40	     -0.59		     -0.83
LYS	  A	      41	     -8.79		     -8.37
ASN	  A	      42	     -1.62		     -3.16
ARG	  A	      43	     -3.44		     -2.68
ASN	  A	      44	     -1.17		     -1.68
ARG	  A	      45	     -2.70		     -3.68
TYR	  A	      46	      1.27		      1.00
ARG	  A	      47	    -11.72		    -14.22
ASP	  A	      48	     -9.78		    -10.80
VAL	  A	      49	      0.37		      0.51
SER	  A	      50	     -0.30		     -0.41
PRO	  A	      51	      0.46		      0.34
PHE	  A	      52	      0.36		      0.30
ASP	  A	      53	     -2.15		     -2.41
HIS	  A	      54	      0.13		     -0.51
SER	  A	      55	     -0.06		     -0.13
ARG	  A	      56	     -2.67		     -2.28
ILE	  A	      57	      0.64		      0.60
LYS	  A	      58	     -9.97		     -9.16
LEU	  A	      59	      0.06		      0.11
HIS	  A	      60	     -0.04		     -1.20
GLN	  A	      61	     -1.31		     -2.05
GLU	  A	      62	    -17.83		    -19.84
ASP	  A	      63	    -14.65		    -16.11
ASN	  A	      64	     -0.47		     -0.99
ASP	  A	      65	     -5.39		     -5.85
TYR	  A	      66	      0.11		      0.04
ILE	  A	      67	      0.60		      0.57
ASN	  A	      68	     -0.60		     -0.90
ALA	  A	      69	      0.05		      0.11
SER	  A	      70	     -0.10		     -0.16
LEU	  A	      71	      1.32		      1.55
ILE	  A	      72	      0.39		      0.38
LYS	  A	      73	     -9.79		     -9.13
MET	  A	      74	      0.57		      0.59
GLU	  A	      75	    -17.74		    -19.73
GLU	  A	      76	     -4.91		     -5.66
ALA	  A	      77	     -0.19		     -0.11
GLN	  A	      78	     -2.89		     -4.01
ARG	  A	      79	     -3.14		     -2.65
SER	  A	      80	     -0.35		     -0.51
TYR	  A	      81	      0.33		      0.26
ILE	  A	      82	      0.39		      0.38
LEU	  A	      83	      0.31		      0.37
THR	  A	      84	      0.03		     -0.08
GLN	  A	      85	     -0.44		     -0.75
GLY	  A	      86	     -0.01		      0.01
PRO	  A	      87	      0.45		      0.34
LEU	  A	      88	      0.60		      0.72
PRO	  A	      89	      3.15		      2.44
ASN	  A	      90	     -3.70		     -5.25
THR	  A	      91	      0.22		      0.08
CYS	  A	      92	      0.23		      0.18
GLY	  A	      93	      0.07		      0.09
HIS	  A	      94	      0.31		     -0.30
PHE	  A	      95	      0.58		      0.51
TRP	  A	      96	      0.63		      0.52
GLU	  A	      97	     -1.55		     -1.74
MET	  A	      98	      0.45		      0.44
VAL	  A	      99	      0.32		      0.40
TRP	  A	     100	      0.71		      0.48
GLU	  A	     101	     -1.70		     -1.89
GLN	  A	     102	     -1.73		     -2.39
LYS	  A	     103	     -6.78		     -6.43
SER	  A	     104	     -0.54		     -0.61
ARG	  A	     105	     -4.13		     -3.59
GLY	  A	     106	      0.02		      0.04
VAL	  A	     107	      0.29		      0.37
VAL	  A	     108	      0.21		      0.28
MET	  A	     109	      0.13		      0.15
LEU	  A	     110	      0.02		      0.05
ASN	  A	     111	     -0.51		     -0.73
ARG	  A	     112	     -3.18		     -3.03
VAL	  A	     113	      1.10		      1.29
MET	  A	     114	      1.18		      1.30
GLU	  A	     115	     -2.54		     -2.80
LYS	  A	     116	     -7.62		     -7.09
GLY	  A	     117	     -0.60		     -0.54
SER	  A	     118	     -0.61		     -0.90
LEU	  A	     119	      2.84		      3.36
LYS	  A	     120	     -5.49		     -5.01
CYS	  A	     121	     -0.27		     -0.30
ALA	  A	     122	      0.39		      0.51
GLN	  A	     123	      0.01		     -0.70
TYR	  A	     124	      0.08		      0.03
TRP	  A	     125	      0.51		      0.37
PRO	  A	     126	      0.39		      0.28
GLN	  A	     127	     -3.05		     -4.70
LYS	  A	     128	     -9.98		     -9.24
GLU	  A	     129	     -6.89		     -7.66
GLU	  A	     130	     -5.59		     -6.43
LYS	  A	     131	    -10.10		     -9.41
GLU	  A	     132	     -9.54		    -10.36
MET	  A	     133	      0.84		      0.89
ILE	  A	     134	      1.79		      1.87
PHE	  A	     135	      0.85		      0.76
GLU	  A	     136	    -17.97		    -19.86
ASP	  A	     137	     -4.76		     -5.36
THR	  A	     138	     -0.15		     -0.28
ASN	  A	     139	     -1.56		     -2.31
LEU	  A	     140	      0.28		      0.33
LYS	  A	     141	     -7.71		     -7.03
LEU	  A	     142	      0.12		      0.15
THR	  A	     143	      0.58		      0.31
LEU	  A	     144	      0.08		      0.13
ILE	  A	     145	      1.20		      1.06
SER	  A	     146	      0.40		      0.18
GLU	  A	     147	     -7.82		     -8.48
ASP	  A	     148	     -9.46		    -10.35
ILE	  A	     149	      2.72		      2.69
LYS	  A	     150	     -9.32		     -8.55
SER	  A	     151	     -1.18		     -1.53
TYR	  A	     152	     -0.19		     -0.61
TYR	  A	     153	     -0.15		     -0.26
THR	  A	     154	     -0.14		     -0.23
VAL	  A	     155	      0.41		      0.53
ARG	  A	     156	     -2.21		     -1.78
GLN	  A	     157	     -2.07		     -3.45
LEU	  A	     158	      0.19		      0.24
GLU	  A	     159	    -11.00		    -11.98
LEU	  A	     160	      0.28		      0.32
GLU	  A	     161	     -4.97		     -5.39
ASN	  A	     162	     -1.00		     -1.60
LEU	  A	     163	      0.34		      0.47
THR	  A	     164	      0.59		      0.01
THR	  A	     165	      0.64		      0.30
GLN	  A	     166	     -4.37		     -6.64
GLU	  A	     167	     -8.46		     -9.30
THR	  A	     168	     -1.38		     -1.66
ARG	  A	     169	     -1.29		     -1.16
GLU	  A	     170	     -6.43		     -7.17
ILE	  A	     171	      0.52		      0.51
LEU	  A	     172	      0.55		      0.67
HIS	  A	     173	      0.11		     -0.10
PHE	  A	     174	      0.61		      0.53
HIS	  A	     175	      0.13		     -0.17
TYR	  A	     176	     -0.07		     -0.13
THR	  A	     177	     -0.42		     -0.61
THR	  A	     178	      0.32		      0.10
TRP	  A	     179	      0.37		      0.22
PRO	  A	     180	      1.24		      0.99
ASP	  A	     181	     -4.53		     -4.95
PHE	  A	     182	      4.33		      3.79
GLY	  A	     183	      0.65		      0.75
VAL	  A	     184	     -0.11		      0.02
PRO	  A	     185	      0.57		      0.43
GLU	  A	     186	    -18.12		    -20.22
SER	  A	     187	      0.26		     -0.02
PRO	  A	     188	      0.84		      0.67
ALA	  A	     189	      1.28		      1.64
SER	  A	     190	      0.05		     -0.07
PHE	  A	     191	      0.69		      0.61
LEU	  A	     192	      0.70		      0.80
ASN	  A	     193	     -2.27		     -3.71
PHE	  A	     194	      0.32		      0.27
LEU	  A	     195	      0.31		      0.36
PHE	  A	     196	      2.35		      2.10
LYS	  A	     197	     -5.77		     -5.28
VAL	  A	     198	      0.20		      0.26
ARG	  A	     199	     -2.61		     -3.77
GLU	  A	     200	    -12.18		    -13.32
SER	  A	     201	     -0.55		     -0.63
GLY	  A	     202	      0.26		      0.31
SER	  A	     203	     -0.24		     -0.31
LEU	  A	     204	     -0.05		      0.00
SER	  A	     205	     -0.44		     -0.59
PRO	  A	     206	      3.56		      2.75
GLU	  A	     207	     -6.25		     -6.97
HIS	  A	     208	     -0.15		     -0.88
GLY	  A	     209	      0.07		      0.12
PRO	  A	     210	      1.53		      1.23
VAL	  A	     211	      0.38		      0.46
VAL	  A	     212	      0.37		      0.46
VAL	  A	     213	      0.19		      0.25
HIS	  A	     214	      0.06		     -0.14
CYS	  A	     215	      0.02		     -0.01
SER	  A	     216	      0.14		      0.02
ALA	  A	     217	      0.22		      0.33
GLY	  A	     218	     -0.08		     -0.07
ILE	  A	     219	      0.61		      0.62
GLY	  A	     220	      0.08		      0.10
ARG	  A	     221	     -2.41		     -2.24
SER	  A	     222	     -0.11		     -0.16
GLY	  A	     223	     -0.01		      0.01
THR	  A	     224	      0.08		     -0.02
PHE	  A	     225	      0.65		      0.58
CYS	  A	     226	      0.08		      0.05
LEU	  A	     227	      0.41		      0.48
ALA	  A	     228	      0.32		      0.42
ASP	  A	     229	     -1.63		     -1.78
THR	  A	     230	      0.28		      0.15
CYS	  A	     231	      0.10		      0.07
LEU	  A	     232	      0.44		      0.52
LEU	  A	     233	      0.98		      1.17
LEU	  A	     234	      0.50		      0.60
MET	  A	     235	      0.44		      0.47
ASP	  A	     236	    -11.63		    -12.59
LYS	  A	     237	     -2.23		     -2.41
ARG	  A	     238	     -4.52		     -4.43
LYS	  A	     239	     -7.79		     -7.63
ASP	  A	     240	     -6.29		     -6.92
PRO	  A	     241	      2.11		      1.68
SER	  A	     242	     -0.68		     -0.96
SER	  A	     243	     -0.32		     -0.49
VAL	  A	     244	     -0.18		     -0.08
ASP	  A	     245	     -4.15		     -4.57
ILE	  A	     246	      0.54		      0.50
LYS	  A	     247	     -2.13		     -2.07
LYS	  A	     248	     -7.37		     -6.92
VAL	  A	     249	      0.61		      0.75
LEU	  A	     250	      0.46		      0.54
LEU	  A	     251	      0.96		      1.09
GLU	  A	     252	     -5.61		     -6.20
MET	  A	     253	      0.36		      0.36
ARG	  A	     254	     -2.00		     -2.84
LYS	  A	     255	     -6.81		     -6.22
PHE	  A	     256	      0.96		      0.84
ARG	  A	     257	     -0.89		     -0.97
MET	  A	     258	      1.18		      1.17
GLY	  A	     259	      0.31		      0.35
LEU	  A	     260	      0.23		      0.29
ILE	  A	     261	      0.29		      0.27
GLN	  A	     262	     -2.75		     -3.79
THR	  A	     263	      1.46		      1.11
ALA	  A	     264	      0.46		      0.60
ASP	  A	     265	    -13.95		    -15.12
GLN	  A	     266	     -0.55		     -1.10
LEU	  A	     267	      0.44		      0.52
ARG	  A	     268	     -5.44		     -6.35
PHE	  A	     269	      0.51		      0.45
SER	  A	     270	     -0.15		     -0.22
TYR	  A	     271	      0.09		      0.02
LEU	  A	     272	      0.98		      1.18
ALA	  A	     273	      0.18		      0.25
VAL	  A	     274	      0.40		      0.50
ILE	  A	     275	      0.36		      0.31
GLU	  A	     276	     -7.42		     -8.12
GLY	  A	     277	      0.04		      0.06
ALA	  A	     278	      0.37		      0.49
LYS	  A	     279	     -3.76		     -3.56
PHE	  A	     280	      6.26		      5.64
ILE	  A	     281	      0.85		      0.62
MET	  A	     282	      1.79		      2.18
